<?xml version="1.0" encoding="UTF-8" ?>
<testsuite failures="0" time="0.188" errors="0" skipped="0" tests="36" name="io.druid.query.search.SearchQueryRunnerTest">
  <properties>
[...]
</properties>
  <testcase time="0.007" classname="io.druid.query.search.SearchQueryRunnerTest" name="testSearchWithFilterEmptyResults[0]"/>
  <testcase time="0.033" classname="io.druid.query.search.SearchQueryRunnerTest" name="testSearchWithEmptyResults[0]"/>
  <testcase time="0.004" classname="io.druid.query.search.SearchQueryRunnerTest" name="testSearchWithSingleFilter1[0]"/>
  <testcase time="0.005" classname="io.druid.query.search.SearchQueryRunnerTest" name="testSearchWithSingleFilter2[0]"/>
  <testcase time="0.014" classname="io.druid.query.search.SearchQueryRunnerTest" name="testSearchWithDimensionsQualityAndProvider[0]"/>
  <testcase time="0.002" classname="io.druid.query.search.SearchQueryRunnerTest" name="testSearchWithMultiOrFilter[0]"/>
  <testcase time="0.009" classname="io.druid.query.search.SearchQueryRunnerTest" name="testSearchWithDimensionQuality[0]"/>
  <testcase time="0.002" classname="io.druid.query.search.SearchQueryRunnerTest" name="testSearchMultiAndFilter[0]"/>
  <testcase time="0.012" classname="io.druid.query.search.SearchQueryRunnerTest" name="testSearch[0]"/>
  <testcase time="0.004" classname="io.druid.query.search.SearchQueryRunnerTest" name="testSearchWithDimensionsPlacementAndProvider[0]"/>
  <testcase time="0.019" classname="io.druid.query.search.SearchQueryRunnerTest" name="testFragmentSearch[0]"/>
  <testcase time="0.003" classname="io.druid.query.search.SearchQueryRunnerTest" name="testSearchWithDimensionProvider[0]"/>
  <testcase time="0.005" classname="io.druid.query.search.SearchQueryRunnerTest" name="testSearchWithFilterEmptyResults[1]"/>
  <testcase time="0.001" classname="io.druid.query.search.SearchQueryRunnerTest" name="testSearchWithEmptyResults[1]"/>
  <testcase time="0.007" classname="io.druid.query.search.SearchQueryRunnerTest" name="testSearchWithSingleFilter1[1]"/>
  <testcase time="0.002" classname="io.druid.query.search.SearchQueryRunnerTest" name="testSearchWithSingleFilter2[1]"/>
  <testcase time="0.006" classname="io.druid.query.search.SearchQueryRunnerTest" name="testSearchWithDimensionsQualityAndProvider[1]"/>
  <testcase time="0.007" classname="io.druid.query.search.SearchQueryRunnerTest" name="testSearchWithMultiOrFilter[1]"/>
  <testcase time="0.004" classname="io.druid.query.search.SearchQueryRunnerTest" name="testSearchWithDimensionQuality[1]"/>
  <testcase time="0.007" classname="io.druid.query.search.SearchQueryRunnerTest" name="testSearchMultiAndFilter[1]"/>
  <testcase time="0.005" classname="io.druid.query.search.SearchQueryRunnerTest" name="testSearch[1]"/>
  <testcase time="0.001" classname="io.druid.query.search.SearchQueryRunnerTest" name="testSearchWithDimensionsPlacementAndProvider[1]"/>
  <testcase time="0.001" classname="io.druid.query.search.SearchQueryRunnerTest" name="testFragmentSearch[1]"/>
  <testcase time="0.002" classname="io.druid.query.search.SearchQueryRunnerTest" name="testSearchWithDimensionProvider[1]"/>
  <testcase time="0.003" classname="io.druid.query.search.SearchQueryRunnerTest" name="testSearchWithFilterEmptyResults[2]"/>
  <testcase time="0" classname="io.druid.query.search.SearchQueryRunnerTest" name="testSearchWithEmptyResults[2]"/>
  <testcase time="0.004" classname="io.druid.query.search.SearchQueryRunnerTest" name="testSearchWithSingleFilter1[2]"/>
  <testcase time="0.001" classname="io.druid.query.search.SearchQueryRunnerTest" name="testSearchWithSingleFilter2[2]"/>
  <testcase time="0.003" classname="io.druid.query.search.SearchQueryRunnerTest" name="testSearchWithDimensionsQualityAndProvider[2]"/>
  <testcase time="0.003" classname="io.druid.query.search.SearchQueryRunnerTest" name="testSearchWithMultiOrFilter[2]"/>
  <testcase time="0.002" classname="io.druid.query.search.SearchQueryRunnerTest" name="testSearchWithDimensionQuality[2]"/>
  <testcase time="0.004" classname="io.druid.query.search.SearchQueryRunnerTest" name="testSearchMultiAndFilter[2]"/>
  <testcase time="0.003" classname="io.druid.query.search.SearchQueryRunnerTest" name="testSearch[2]"/>
  <testcase time="0.001" classname="io.druid.query.search.SearchQueryRunnerTest" name="testSearchWithDimensionsPlacementAndProvider[2]"/>
  <testcase time="0.001" classname="io.druid.query.search.SearchQueryRunnerTest" name="testFragmentSearch[2]"/>
  <testcase time="0.001" classname="io.druid.query.search.SearchQueryRunnerTest" name="testSearchWithDimensionProvider[2]"/>
</testsuite>