<?xml version="1.0" encoding="UTF-8" ?>
<testsuite failures="0" time="0.752" errors="0" skipped="0" tests="126" name="io.druid.query.topn.TopNQueryRunnerTest">
  <properties>
[...]
</properties>
  <testcase time="0.035" classname="io.druid.query.topn.TopNQueryRunnerTest" name="testTopNDimExtraction[0]"/>
  <testcase time="0.014" classname="io.druid.query.topn.TopNQueryRunnerTest" name="testTopNWithMultiValueDimFilter1[0]"/>
  <testcase time="0.006" classname="io.druid.query.topn.TopNQueryRunnerTest" name="testTopNWithMultiValueDimFilter2[0]"/>
  <testcase time="0.002" classname="io.druid.query.topn.TopNQueryRunnerTest" name="testTopNWithMultiValueDimFilter3[0]"/>
  <testcase time="0.002" classname="io.druid.query.topn.TopNQueryRunnerTest" name="testTopNWithMultiValueDimFilter4[0]"/>
  <testcase time="0.004" classname="io.druid.query.topn.TopNQueryRunnerTest" name="testTopNWithMultiValueDimFilter5[0]"/>
  <testcase time="0.076" classname="io.druid.query.topn.TopNQueryRunnerTest" name="testFullOnTopN[0]"/>
  <testcase time="0.002" classname="io.druid.query.topn.TopNQueryRunnerTest" name="testTopNWithFilter1[0]"/>
  <testcase time="0.002" classname="io.druid.query.topn.TopNQueryRunnerTest" name="testTopNWithFilter2[0]"/>
  <testcase time="0.003" classname="io.druid.query.topn.TopNQueryRunnerTest" name="testTopN[0]"/>
  <testcase time="0.001" classname="io.druid.query.topn.TopNQueryRunnerTest" name="testTopNWithNonExistentFilter[0]"/>
  <testcase time="0.007" classname="io.druid.query.topn.TopNQueryRunnerTest" name="testTopNLexicographicWithNonExistingPreviousStop[0]"/>
  <testcase time="0.002" classname="io.druid.query.topn.TopNQueryRunnerTest" name="testTopNWithFilter2OneDay[0]"/>
  <testcase time="0.003" classname="io.druid.query.topn.TopNQueryRunnerTest" name="testTopNWithOrFilter1[0]"/>
  <testcase time="0.002" classname="io.druid.query.topn.TopNQueryRunnerTest" name="testTopNWithOrFilter2[0]"/>
  <testcase time="0.065" classname="io.druid.query.topn.TopNQueryRunnerTest" name="testFullOnTopNOverPostAggs[0]"/>
  <testcase time="0.003" classname="io.druid.query.topn.TopNQueryRunnerTest" name="testTopNLexicographic[0]"/>
  <testcase time="0.004" classname="io.druid.query.topn.TopNQueryRunnerTest" name="testInvertedTopNQuery[0]"/>
  <testcase time="0.001" classname="io.druid.query.topn.TopNQueryRunnerTest" name="testTopNWithNonExistentFilterInOr[0]"/>
  <testcase time="0.004" classname="io.druid.query.topn.TopNQueryRunnerTest" name="testTopNWithNonExistentFilterMultiDim[0]"/>
  <testcase time="0.002" classname="io.druid.query.topn.TopNQueryRunnerTest" name="testTopNLexicographicWithPreviousStop[0]"/>
  <testcase time="0.012" classname="io.druid.query.topn.TopNQueryRunnerTest" name="testTopNDimExtraction[1]"/>
  <testcase time="0.012" classname="io.druid.query.topn.TopNQueryRunnerTest" name="testTopNWithMultiValueDimFilter1[1]"/>
  <testcase time="0.02" classname="io.druid.query.topn.TopNQueryRunnerTest" name="testTopNWithMultiValueDimFilter2[1]"/>
  <testcase time="0.003" classname="io.druid.query.topn.TopNQueryRunnerTest" name="testTopNWithMultiValueDimFilter3[1]"/>
  <testcase time="0.005" classname="io.druid.query.topn.TopNQueryRunnerTest" name="testTopNWithMultiValueDimFilter4[1]"/>
  <testcase time="0.007" classname="io.druid.query.topn.TopNQueryRunnerTest" name="testTopNWithMultiValueDimFilter5[1]"/>
  <testcase time="0.039" classname="io.druid.query.topn.TopNQueryRunnerTest" name="testFullOnTopN[1]"/>
  <testcase time="0.002" classname="io.druid.query.topn.TopNQueryRunnerTest" name="testTopNWithFilter1[1]"/>
  <testcase time="0.003" classname="io.druid.query.topn.TopNQueryRunnerTest" name="testTopNWithFilter2[1]"/>
  <testcase time="0.004" classname="io.druid.query.topn.TopNQueryRunnerTest" name="testTopN[1]"/>
  <testcase time="0.002" classname="io.druid.query.topn.TopNQueryRunnerTest" name="testTopNWithNonExistentFilter[1]"/>
  <testcase time="0.004" classname="io.druid.query.topn.TopNQueryRunnerTest" name="testTopNLexicographicWithNonExistingPreviousStop[1]"/>
  <testcase time="0.003" classname="io.druid.query.topn.TopNQueryRunnerTest" name="testTopNWithFilter2OneDay[1]"/>
  <testcase time="0.01" classname="io.druid.query.topn.TopNQueryRunnerTest" name="testTopNWithOrFilter1[1]"/>
  <testcase time="0.005" classname="io.druid.query.topn.TopNQueryRunnerTest" name="testTopNWithOrFilter2[1]"/>
  <testcase time="0.023" classname="io.druid.query.topn.TopNQueryRunnerTest" name="testFullOnTopNOverPostAggs[1]"/>
  <testcase time="0.003" classname="io.druid.query.topn.TopNQueryRunnerTest" name="testTopNLexicographic[1]"/>
  <testcase time="0.003" classname="io.druid.query.topn.TopNQueryRunnerTest" name="testInvertedTopNQuery[1]"/>
  <testcase time="0.005" classname="io.druid.query.topn.TopNQueryRunnerTest" name="testTopNWithNonExistentFilterInOr[1]"/>
  <testcase time="0.002" classname="io.druid.query.topn.TopNQueryRunnerTest" name="testTopNWithNonExistentFilterMultiDim[1]"/>
  <testcase time="0.002" classname="io.druid.query.topn.TopNQueryRunnerTest" name="testTopNLexicographicWithPreviousStop[1]"/>
  <testcase time="0.003" classname="io.druid.query.topn.TopNQueryRunnerTest" name="testTopNDimExtraction[2]"/>
  <testcase time="0.004" classname="io.druid.query.topn.TopNQueryRunnerTest" name="testTopNWithMultiValueDimFilter1[2]"/>
  <testcase time="0.011" classname="io.druid.query.topn.TopNQueryRunnerTest" name="testTopNWithMultiValueDimFilter2[2]"/>
  <testcase time="0.002" classname="io.druid.query.topn.TopNQueryRunnerTest" name="testTopNWithMultiValueDimFilter3[2]"/>
  <testcase time="0.006" classname="io.druid.query.topn.TopNQueryRunnerTest" name="testTopNWithMultiValueDimFilter4[2]"/>
  <testcase time="0.005" classname="io.druid.query.topn.TopNQueryRunnerTest" name="testTopNWithMultiValueDimFilter5[2]"/>
  <testcase time="0.017" classname="io.druid.query.topn.TopNQueryRunnerTest" name="testFullOnTopN[2]"/>
  <testcase time="0.002" classname="io.druid.query.topn.TopNQueryRunnerTest" name="testTopNWithFilter1[2]"/>
  <testcase time="0.002" classname="io.druid.query.topn.TopNQueryRunnerTest" name="testTopNWithFilter2[2]"/>
  <testcase time="0.002" classname="io.druid.query.topn.TopNQueryRunnerTest" name="testTopN[2]"/>
  <testcase time="0.001" classname="io.druid.query.topn.TopNQueryRunnerTest" name="testTopNWithNonExistentFilter[2]"/>
  <testcase time="0.001" classname="io.druid.query.topn.TopNQueryRunnerTest" name="testTopNLexicographicWithNonExistingPreviousStop[2]"/>
  <testcase time="0.002" classname="io.druid.query.topn.TopNQueryRunnerTest" name="testTopNWithFilter2OneDay[2]"/>
  <testcase time="0.008" classname="io.druid.query.topn.TopNQueryRunnerTest" name="testTopNWithOrFilter1[2]"/>
  <testcase time="0.004" classname="io.druid.query.topn.TopNQueryRunnerTest" name="testTopNWithOrFilter2[2]"/>
  <testcase time="0.013" classname="io.druid.query.topn.TopNQueryRunnerTest" name="testFullOnTopNOverPostAggs[2]"/>
  <testcase time="0.002" classname="io.druid.query.topn.TopNQueryRunnerTest" name="testTopNLexicographic[2]"/>
  <testcase time="0.002" classname="io.druid.query.topn.TopNQueryRunnerTest" name="testInvertedTopNQuery[2]"/>
  <testcase time="0.004" classname="io.druid.query.topn.TopNQueryRunnerTest" name="testTopNWithNonExistentFilterInOr[2]"/>
  <testcase time="0.001" classname="io.druid.query.topn.TopNQueryRunnerTest" name="testTopNWithNonExistentFilterMultiDim[2]"/>
  <testcase time="0.002" classname="io.druid.query.topn.TopNQueryRunnerTest" name="testTopNLexicographicWithPreviousStop[2]"/>
  <testcase time="0.002" classname="io.druid.query.topn.TopNQueryRunnerTest" name="testTopNDimExtraction[3]"/>
  <testcase time="0.003" classname="io.druid.query.topn.TopNQueryRunnerTest" name="testTopNWithMultiValueDimFilter1[3]"/>
  <testcase time="0.003" classname="io.druid.query.topn.TopNQueryRunnerTest" name="testTopNWithMultiValueDimFilter2[3]"/>
  <testcase time="0.001" classname="io.druid.query.topn.TopNQueryRunnerTest" name="testTopNWithMultiValueDimFilter3[3]"/>
  <testcase time="0.002" classname="io.druid.query.topn.TopNQueryRunnerTest" name="testTopNWithMultiValueDimFilter4[3]"/>
  <testcase time="0.003" classname="io.druid.query.topn.TopNQueryRunnerTest" name="testTopNWithMultiValueDimFilter5[3]"/>
  <testcase time="0.045" classname="io.druid.query.topn.TopNQueryRunnerTest" name="testFullOnTopN[3]"/>
  <testcase time="0.002" classname="io.druid.query.topn.TopNQueryRunnerTest" name="testTopNWithFilter1[3]"/>
  <testcase time="0.001" classname="io.druid.query.topn.TopNQueryRunnerTest" name="testTopNWithFilter2[3]"/>
  <testcase time="0.002" classname="io.druid.query.topn.TopNQueryRunnerTest" name="testTopN[3]"/>
  <testcase time="0.001" classname="io.druid.query.topn.TopNQueryRunnerTest" name="testTopNWithNonExistentFilter[3]"/>
  <testcase time="0.002" classname="io.druid.query.topn.TopNQueryRunnerTest" name="testTopNLexicographicWithNonExistingPreviousStop[3]"/>
  <testcase time="0.001" classname="io.druid.query.topn.TopNQueryRunnerTest" name="testTopNWithFilter2OneDay[3]"/>
  <testcase time="0.002" classname="io.druid.query.topn.TopNQueryRunnerTest" name="testTopNWithOrFilter1[3]"/>
  <testcase time="0.001" classname="io.druid.query.topn.TopNQueryRunnerTest" name="testTopNWithOrFilter2[3]"/>
  <testcase time="0.033" classname="io.druid.query.topn.TopNQueryRunnerTest" name="testFullOnTopNOverPostAggs[3]"/>
  <testcase time="0.005" classname="io.druid.query.topn.TopNQueryRunnerTest" name="testTopNLexicographic[3]"/>
  <testcase time="0.002" classname="io.druid.query.topn.TopNQueryRunnerTest" name="testInvertedTopNQuery[3]"/>
  <testcase time="0.001" classname="io.druid.query.topn.TopNQueryRunnerTest" name="testTopNWithNonExistentFilterInOr[3]"/>
  <testcase time="0.001" classname="io.druid.query.topn.TopNQueryRunnerTest" name="testTopNWithNonExistentFilterMultiDim[3]"/>
  <testcase time="0.001" classname="io.druid.query.topn.TopNQueryRunnerTest" name="testTopNLexicographicWithPreviousStop[3]"/>
  <testcase time="0.001" classname="io.druid.query.topn.TopNQueryRunnerTest" name="testTopNDimExtraction[4]"/>
  <testcase time="0.007" classname="io.druid.query.topn.TopNQueryRunnerTest" name="testTopNWithMultiValueDimFilter1[4]"/>
  <testcase time="0.012" classname="io.druid.query.topn.TopNQueryRunnerTest" name="testTopNWithMultiValueDimFilter2[4]"/>
  <testcase time="0.002" classname="io.druid.query.topn.TopNQueryRunnerTest" name="testTopNWithMultiValueDimFilter3[4]"/>
  <testcase time="0.004" classname="io.druid.query.topn.TopNQueryRunnerTest" name="testTopNWithMultiValueDimFilter4[4]"/>
  <testcase time="0.003" classname="io.druid.query.topn.TopNQueryRunnerTest" name="testTopNWithMultiValueDimFilter5[4]"/>
  <testcase time="0.015" classname="io.druid.query.topn.TopNQueryRunnerTest" name="testFullOnTopN[4]"/>
  <testcase time="0.001" classname="io.druid.query.topn.TopNQueryRunnerTest" name="testTopNWithFilter1[4]"/>
  <testcase time="0.002" classname="io.druid.query.topn.TopNQueryRunnerTest" name="testTopNWithFilter2[4]"/>
  <testcase time="0.001" classname="io.druid.query.topn.TopNQueryRunnerTest" name="testTopN[4]"/>
  <testcase time="0.001" classname="io.druid.query.topn.TopNQueryRunnerTest" name="testTopNWithNonExistentFilter[4]"/>
  <testcase time="0.001" classname="io.druid.query.topn.TopNQueryRunnerTest" name="testTopNLexicographicWithNonExistingPreviousStop[4]"/>
  <testcase time="0.002" classname="io.druid.query.topn.TopNQueryRunnerTest" name="testTopNWithFilter2OneDay[4]"/>
  <testcase time="0.006" classname="io.druid.query.topn.TopNQueryRunnerTest" name="testTopNWithOrFilter1[4]"/>
  <testcase time="0.003" classname="io.druid.query.topn.TopNQueryRunnerTest" name="testTopNWithOrFilter2[4]"/>
  <testcase time="0.005" classname="io.druid.query.topn.TopNQueryRunnerTest" name="testFullOnTopNOverPostAggs[4]"/>
  <testcase time="0.002" classname="io.druid.query.topn.TopNQueryRunnerTest" name="testTopNLexicographic[4]"/>
  <testcase time="0.002" classname="io.druid.query.topn.TopNQueryRunnerTest" name="testInvertedTopNQuery[4]"/>
  <testcase time="0.004" classname="io.druid.query.topn.TopNQueryRunnerTest" name="testTopNWithNonExistentFilterInOr[4]"/>
  <testcase time="0.001" classname="io.druid.query.topn.TopNQueryRunnerTest" name="testTopNWithNonExistentFilterMultiDim[4]"/>
  <testcase time="0.002" classname="io.druid.query.topn.TopNQueryRunnerTest" name="testTopNLexicographicWithPreviousStop[4]"/>
  <testcase time="0.002" classname="io.druid.query.topn.TopNQueryRunnerTest" name="testTopNDimExtraction[5]"/>
  <testcase time="0.002" classname="io.druid.query.topn.TopNQueryRunnerTest" name="testTopNWithMultiValueDimFilter1[5]"/>
  <testcase time="0.01" classname="io.druid.query.topn.TopNQueryRunnerTest" name="testTopNWithMultiValueDimFilter2[5]"/>
  <testcase time="0.002" classname="io.druid.query.topn.TopNQueryRunnerTest" name="testTopNWithMultiValueDimFilter3[5]"/>
  <testcase time="0.004" classname="io.druid.query.topn.TopNQueryRunnerTest" name="testTopNWithMultiValueDimFilter4[5]"/>
  <testcase time="0.003" classname="io.druid.query.topn.TopNQueryRunnerTest" name="testTopNWithMultiValueDimFilter5[5]"/>
  <testcase time="0.005" classname="io.druid.query.topn.TopNQueryRunnerTest" name="testFullOnTopN[5]"/>
  <testcase time="0.001" classname="io.druid.query.topn.TopNQueryRunnerTest" name="testTopNWithFilter1[5]"/>
  <testcase time="0.001" classname="io.druid.query.topn.TopNQueryRunnerTest" name="testTopNWithFilter2[5]"/>
  <testcase time="0.002" classname="io.druid.query.topn.TopNQueryRunnerTest" name="testTopN[5]"/>
  <testcase time="0.001" classname="io.druid.query.topn.TopNQueryRunnerTest" name="testTopNWithNonExistentFilter[5]"/>
  <testcase time="0.002" classname="io.druid.query.topn.TopNQueryRunnerTest" name="testTopNLexicographicWithNonExistingPreviousStop[5]"/>
  <testcase time="0.001" classname="io.druid.query.topn.TopNQueryRunnerTest" name="testTopNWithFilter2OneDay[5]"/>
  <testcase time="0.005" classname="io.druid.query.topn.TopNQueryRunnerTest" name="testTopNWithOrFilter1[5]"/>
  <testcase time="0.004" classname="io.druid.query.topn.TopNQueryRunnerTest" name="testTopNWithOrFilter2[5]"/>
  <testcase time="0.004" classname="io.druid.query.topn.TopNQueryRunnerTest" name="testFullOnTopNOverPostAggs[5]"/>
  <testcase time="0.002" classname="io.druid.query.topn.TopNQueryRunnerTest" name="testTopNLexicographic[5]"/>
  <testcase time="0.002" classname="io.druid.query.topn.TopNQueryRunnerTest" name="testInvertedTopNQuery[5]"/>
  <testcase time="0.003" classname="io.druid.query.topn.TopNQueryRunnerTest" name="testTopNWithNonExistentFilterInOr[5]"/>
  <testcase time="0.001" classname="io.druid.query.topn.TopNQueryRunnerTest" name="testTopNWithNonExistentFilterMultiDim[5]"/>
  <testcase time="0.001" classname="io.druid.query.topn.TopNQueryRunnerTest" name="testTopNLexicographicWithPreviousStop[5]"/>
</testsuite>