<?xml version="1.0" encoding="UTF-8" ?>
<testsuite failures="0" time="0.698" errors="0" skipped="0" tests="39" name="io.druid.query.groupby.GroupByQueryRunnerTest">
  <properties>
[...]
</properties>
  <testcase time="0.016" classname="io.druid.query.groupby.GroupByQueryRunnerTest" name="testGroupByWithMetricColumnDisappears[0]"/>
  <testcase time="0.162" classname="io.druid.query.groupby.GroupByQueryRunnerTest" name="testMergeResultsWithLimit[0]"/>
  <testcase time="0.021" classname="io.druid.query.groupby.GroupByQueryRunnerTest" name="testHavingSpec[0]"/>
  <testcase time="0.024" classname="io.druid.query.groupby.GroupByQueryRunnerTest" name="testGroupByWithOrderLimit2[0]"/>
  <testcase time="0.021" classname="io.druid.query.groupby.GroupByQueryRunnerTest" name="testGroupByWithOrderLimit3[0]"/>
  <testcase time="0.062" classname="io.druid.query.groupby.GroupByQueryRunnerTest" name="testMergeResultsWithOrderBy[0]"/>
  <testcase time="0.013" classname="io.druid.query.groupby.GroupByQueryRunnerTest" name="testGroupByOrderLimit[0]"/>
  <testcase time="0.004" classname="io.druid.query.groupby.GroupByQueryRunnerTest" name="testGroupBy[0]"/>
  <testcase time="0.001" classname="io.druid.query.groupby.GroupByQueryRunnerTest" name="testMergeResultsWithNegativeLimit[0]"/>
  <testcase time="0.014" classname="io.druid.query.groupby.GroupByQueryRunnerTest" name="testGroupByWithNonexistentDimension[0]"/>
  <testcase time="0.018" classname="io.druid.query.groupby.GroupByQueryRunnerTest" name="testMergeResults[0]"/>
  <testcase time="0.007" classname="io.druid.query.groupby.GroupByQueryRunnerTest" name="testGroupByWithRegEx[0]"/>
  <testcase time="0.004" classname="io.druid.query.groupby.GroupByQueryRunnerTest" name="testGroupByWithTimeZone[0]"/>
  <testcase time="0.006" classname="io.druid.query.groupby.GroupByQueryRunnerTest" name="testGroupByWithMetricColumnDisappears[1]"/>
  <testcase time="0.083" classname="io.druid.query.groupby.GroupByQueryRunnerTest" name="testMergeResultsWithLimit[1]"/>
  <testcase time="0.007" classname="io.druid.query.groupby.GroupByQueryRunnerTest" name="testHavingSpec[1]"/>
  <testcase time="0.009" classname="io.druid.query.groupby.GroupByQueryRunnerTest" name="testGroupByWithOrderLimit2[1]"/>
  <testcase time="0.008" classname="io.druid.query.groupby.GroupByQueryRunnerTest" name="testGroupByWithOrderLimit3[1]"/>
  <testcase time="0.022" classname="io.druid.query.groupby.GroupByQueryRunnerTest" name="testMergeResultsWithOrderBy[1]"/>
  <testcase time="0.015" classname="io.druid.query.groupby.GroupByQueryRunnerTest" name="testGroupByOrderLimit[1]"/>
  <testcase time="0.004" classname="io.druid.query.groupby.GroupByQueryRunnerTest" name="testGroupBy[1]"/>
  <testcase time="0" classname="io.druid.query.groupby.GroupByQueryRunnerTest" name="testMergeResultsWithNegativeLimit[1]"/>
  <testcase time="0.006" classname="io.druid.query.groupby.GroupByQueryRunnerTest" name="testGroupByWithNonexistentDimension[1]"/>
  <testcase time="0.015" classname="io.druid.query.groupby.GroupByQueryRunnerTest" name="testMergeResults[1]"/>
  <testcase time="0.002" classname="io.druid.query.groupby.GroupByQueryRunnerTest" name="testGroupByWithRegEx[1]"/>
  <testcase time="0.004" classname="io.druid.query.groupby.GroupByQueryRunnerTest" name="testGroupByWithTimeZone[1]"/>
  <testcase time="0.005" classname="io.druid.query.groupby.GroupByQueryRunnerTest" name="testGroupByWithMetricColumnDisappears[2]"/>
  <testcase time="0.071" classname="io.druid.query.groupby.GroupByQueryRunnerTest" name="testMergeResultsWithLimit[2]"/>
  <testcase time="0.005" classname="io.druid.query.groupby.GroupByQueryRunnerTest" name="testHavingSpec[2]"/>
  <testcase time="0.007" classname="io.druid.query.groupby.GroupByQueryRunnerTest" name="testGroupByWithOrderLimit2[2]"/>
  <testcase time="0.006" classname="io.druid.query.groupby.GroupByQueryRunnerTest" name="testGroupByWithOrderLimit3[2]"/>
  <testcase time="0.02" classname="io.druid.query.groupby.GroupByQueryRunnerTest" name="testMergeResultsWithOrderBy[2]"/>
  <testcase time="0.007" classname="io.druid.query.groupby.GroupByQueryRunnerTest" name="testGroupByOrderLimit[2]"/>
  <testcase time="0.004" classname="io.druid.query.groupby.GroupByQueryRunnerTest" name="testGroupBy[2]"/>
  <testcase time="0.001" classname="io.druid.query.groupby.GroupByQueryRunnerTest" name="testMergeResultsWithNegativeLimit[2]"/>
  <testcase time="0.005" classname="io.druid.query.groupby.GroupByQueryRunnerTest" name="testGroupByWithNonexistentDimension[2]"/>
  <testcase time="0.012" classname="io.druid.query.groupby.GroupByQueryRunnerTest" name="testMergeResults[2]"/>
  <testcase time="0.002" classname="io.druid.query.groupby.GroupByQueryRunnerTest" name="testGroupByWithRegEx[2]"/>
  <testcase time="0.005" classname="io.druid.query.groupby.GroupByQueryRunnerTest" name="testGroupByWithTimeZone[2]"/>
</testsuite>