<?xml version="1.0" encoding="UTF-8" ?>
<testsuite failures="0" time="0.317" errors="0" skipped="0" tests="78" name="io.druid.query.groupby.GroupByTimeseriesQueryRunnerTest">
  <properties>
[...]
</properties>
  <testcase time="0.053" classname="io.druid.query.groupby.GroupByTimeseriesQueryRunnerTest" name="testTimeseriesGranularityNotAlignedOnSegmentBoundariesWithFilter[0]"/>
  <testcase time="0.002" classname="io.druid.query.groupby.GroupByTimeseriesQueryRunnerTest" name="testTimeseriesWithOtherMultiDimFilter[0]"/>
  <testcase time="0.002" classname="io.druid.query.groupby.GroupByTimeseriesQueryRunnerTest" name="testTimeseriesWithNonExistentFilterInOr[0]"/>
  <testcase time="0.001" classname="io.druid.query.groupby.GroupByTimeseriesQueryRunnerTest" name="testTimeseriesQueryBeyondTimeRangeOfData[0]"/>
  <testcase time="0.002" classname="io.druid.query.groupby.GroupByTimeseriesQueryRunnerTest" name="testTimeseriesWithMultiValueDimFilter1[0]"/>
  <testcase time="0.002" classname="io.druid.query.groupby.GroupByTimeseriesQueryRunnerTest" name="testTimeseriesWithMultiValueDimFilter2[0]"/>
  <testcase time="0.003" classname="io.druid.query.groupby.GroupByTimeseriesQueryRunnerTest" name="testTimeseriesWithVaryingGran[0]"/>
  <testcase time="0.002" classname="io.druid.query.groupby.GroupByTimeseriesQueryRunnerTest" name="testTimeseriesWithFilter1[0]"/>
  <testcase time="0.001" classname="io.druid.query.groupby.GroupByTimeseriesQueryRunnerTest" name="testTimeseriesWithFilter2[0]"/>
  <testcase time="0.001" classname="io.druid.query.groupby.GroupByTimeseriesQueryRunnerTest" name="testTimeseriesWithFilter3[0]"/>
  <testcase time="0.002" classname="io.druid.query.groupby.GroupByTimeseriesQueryRunnerTest" name="testTimeseriesWithTimeZone[0]"/>
  <testcase time="0.002" classname="io.druid.query.groupby.GroupByTimeseriesQueryRunnerTest" name="testTimeseriesWithNonExistentFilterAndMultiDimAndOr[0]"/>
  <testcase time="0" classname="io.druid.query.groupby.GroupByTimeseriesQueryRunnerTest" name="testFullOnTimeseries[0]"/>
  <testcase time="0" classname="io.druid.query.groupby.GroupByTimeseriesQueryRunnerTest" name="testFullOnTimeseriesWithFilter[0]"/>
  <testcase time="0.002" classname="io.druid.query.groupby.GroupByTimeseriesQueryRunnerTest" name="testTimeseriesWithMultiValueDimFilterAndOr1[0]"/>
  <testcase time="0.002" classname="io.druid.query.groupby.GroupByTimeseriesQueryRunnerTest" name="testTimeseriesWithMultiValueDimFilterAndOr2[0]"/>
  <testcase time="0.004" classname="io.druid.query.groupby.GroupByTimeseriesQueryRunnerTest" name="testTimeseriesWithVaryingGranWithFilter[0]"/>
  <testcase time="0.001" classname="io.druid.query.groupby.GroupByTimeseriesQueryRunnerTest" name="testTimeseries[0]"/>
  <testcase time="0.001" classname="io.druid.query.groupby.GroupByTimeseriesQueryRunnerTest" name="testTimeseriesWithMultiDimFilter[0]"/>
  <testcase time="0.002" classname="io.druid.query.groupby.GroupByTimeseriesQueryRunnerTest" name="testTimeseriesWithOrFilter[0]"/>
  <testcase time="0.017" classname="io.druid.query.groupby.GroupByTimeseriesQueryRunnerTest" name="testFullOnTimeseriesMaxMin[0]"/>
  <testcase time="0.001" classname="io.druid.query.groupby.GroupByTimeseriesQueryRunnerTest" name="testTimeseriesWithNonExistentFilterAndMultiDim[0]"/>
  <testcase time="0" classname="io.druid.query.groupby.GroupByTimeseriesQueryRunnerTest" name="testTimeseriesWithFilterOnNonExistentDimension[0]"/>
  <testcase time="0" classname="io.druid.query.groupby.GroupByTimeseriesQueryRunnerTest" name="testTimeseriesWithNonExistentFilter[0]"/>
  <testcase time="0.002" classname="io.druid.query.groupby.GroupByTimeseriesQueryRunnerTest" name="testTimeseriesWithMultiDimFilterAndOr[0]"/>
  <testcase time="0.005" classname="io.druid.query.groupby.GroupByTimeseriesQueryRunnerTest" name="testTimeseriesWithRegexFilter[0]"/>
  <testcase time="0.007" classname="io.druid.query.groupby.GroupByTimeseriesQueryRunnerTest" name="testTimeseriesGranularityNotAlignedOnSegmentBoundariesWithFilter[1]"/>
  <testcase time="0.004" classname="io.druid.query.groupby.GroupByTimeseriesQueryRunnerTest" name="testTimeseriesWithOtherMultiDimFilter[1]"/>
  <testcase time="0.005" classname="io.druid.query.groupby.GroupByTimeseriesQueryRunnerTest" name="testTimeseriesWithNonExistentFilterInOr[1]"/>
  <testcase time="0.001" classname="io.druid.query.groupby.GroupByTimeseriesQueryRunnerTest" name="testTimeseriesQueryBeyondTimeRangeOfData[1]"/>
  <testcase time="0.004" classname="io.druid.query.groupby.GroupByTimeseriesQueryRunnerTest" name="testTimeseriesWithMultiValueDimFilter1[1]"/>
  <testcase time="0.002" classname="io.druid.query.groupby.GroupByTimeseriesQueryRunnerTest" name="testTimeseriesWithMultiValueDimFilter2[1]"/>
  <testcase time="0.003" classname="io.druid.query.groupby.GroupByTimeseriesQueryRunnerTest" name="testTimeseriesWithVaryingGran[1]"/>
  <testcase time="0.002" classname="io.druid.query.groupby.GroupByTimeseriesQueryRunnerTest" name="testTimeseriesWithFilter1[1]"/>
  <testcase time="0.002" classname="io.druid.query.groupby.GroupByTimeseriesQueryRunnerTest" name="testTimeseriesWithFilter2[1]"/>
  <testcase time="0.002" classname="io.druid.query.groupby.GroupByTimeseriesQueryRunnerTest" name="testTimeseriesWithFilter3[1]"/>
  <testcase time="0.002" classname="io.druid.query.groupby.GroupByTimeseriesQueryRunnerTest" name="testTimeseriesWithTimeZone[1]"/>
  <testcase time="0.006" classname="io.druid.query.groupby.GroupByTimeseriesQueryRunnerTest" name="testTimeseriesWithNonExistentFilterAndMultiDimAndOr[1]"/>
  <testcase time="0.001" classname="io.druid.query.groupby.GroupByTimeseriesQueryRunnerTest" name="testFullOnTimeseries[1]"/>
  <testcase time="0" classname="io.druid.query.groupby.GroupByTimeseriesQueryRunnerTest" name="testFullOnTimeseriesWithFilter[1]"/>
  <testcase time="0.007" classname="io.druid.query.groupby.GroupByTimeseriesQueryRunnerTest" name="testTimeseriesWithMultiValueDimFilterAndOr1[1]"/>
  <testcase time="0.018" classname="io.druid.query.groupby.GroupByTimeseriesQueryRunnerTest" name="testTimeseriesWithMultiValueDimFilterAndOr2[1]"/>
  <testcase time="0.021" classname="io.druid.query.groupby.GroupByTimeseriesQueryRunnerTest" name="testTimeseriesWithVaryingGranWithFilter[1]"/>
  <testcase time="0.001" classname="io.druid.query.groupby.GroupByTimeseriesQueryRunnerTest" name="testTimeseries[1]"/>
  <testcase time="0.004" classname="io.druid.query.groupby.GroupByTimeseriesQueryRunnerTest" name="testTimeseriesWithMultiDimFilter[1]"/>
  <testcase time="0.005" classname="io.druid.query.groupby.GroupByTimeseriesQueryRunnerTest" name="testTimeseriesWithOrFilter[1]"/>
  <testcase time="0.015" classname="io.druid.query.groupby.GroupByTimeseriesQueryRunnerTest" name="testFullOnTimeseriesMaxMin[1]"/>
  <testcase time="0" classname="io.druid.query.groupby.GroupByTimeseriesQueryRunnerTest" name="testTimeseriesWithNonExistentFilterAndMultiDim[1]"/>
  <testcase time="0" classname="io.druid.query.groupby.GroupByTimeseriesQueryRunnerTest" name="testTimeseriesWithFilterOnNonExistentDimension[1]"/>
  <testcase time="0.001" classname="io.druid.query.groupby.GroupByTimeseriesQueryRunnerTest" name="testTimeseriesWithNonExistentFilter[1]"/>
  <testcase time="0.005" classname="io.druid.query.groupby.GroupByTimeseriesQueryRunnerTest" name="testTimeseriesWithMultiDimFilterAndOr[1]"/>
  <testcase time="0.005" classname="io.druid.query.groupby.GroupByTimeseriesQueryRunnerTest" name="testTimeseriesWithRegexFilter[1]"/>
  <testcase time="0.015" classname="io.druid.query.groupby.GroupByTimeseriesQueryRunnerTest" name="testTimeseriesGranularityNotAlignedOnSegmentBoundariesWithFilter[2]"/>
  <testcase time="0.003" classname="io.druid.query.groupby.GroupByTimeseriesQueryRunnerTest" name="testTimeseriesWithOtherMultiDimFilter[2]"/>
  <testcase time="0.004" classname="io.druid.query.groupby.GroupByTimeseriesQueryRunnerTest" name="testTimeseriesWithNonExistentFilterInOr[2]"/>
  <testcase time="0.001" classname="io.druid.query.groupby.GroupByTimeseriesQueryRunnerTest" name="testTimeseriesQueryBeyondTimeRangeOfData[2]"/>
  <testcase time="0.002" classname="io.druid.query.groupby.GroupByTimeseriesQueryRunnerTest" name="testTimeseriesWithMultiValueDimFilter1[2]"/>
  <testcase time="0.002" classname="io.druid.query.groupby.GroupByTimeseriesQueryRunnerTest" name="testTimeseriesWithMultiValueDimFilter2[2]"/>
  <testcase time="0.002" classname="io.druid.query.groupby.GroupByTimeseriesQueryRunnerTest" name="testTimeseriesWithVaryingGran[2]"/>
  <testcase time="0.001" classname="io.druid.query.groupby.GroupByTimeseriesQueryRunnerTest" name="testTimeseriesWithFilter1[2]"/>
  <testcase time="0.001" classname="io.druid.query.groupby.GroupByTimeseriesQueryRunnerTest" name="testTimeseriesWithFilter2[2]"/>
  <testcase time="0.002" classname="io.druid.query.groupby.GroupByTimeseriesQueryRunnerTest" name="testTimeseriesWithFilter3[2]"/>
  <testcase time="0.002" classname="io.druid.query.groupby.GroupByTimeseriesQueryRunnerTest" name="testTimeseriesWithTimeZone[2]"/>
  <testcase time="0.005" classname="io.druid.query.groupby.GroupByTimeseriesQueryRunnerTest" name="testTimeseriesWithNonExistentFilterAndMultiDimAndOr[2]"/>
  <testcase time="0" classname="io.druid.query.groupby.GroupByTimeseriesQueryRunnerTest" name="testFullOnTimeseries[2]"/>
  <testcase time="0" classname="io.druid.query.groupby.GroupByTimeseriesQueryRunnerTest" name="testFullOnTimeseriesWithFilter[2]"/>
  <testcase time="0.005" classname="io.druid.query.groupby.GroupByTimeseriesQueryRunnerTest" name="testTimeseriesWithMultiValueDimFilterAndOr1[2]"/>
  <testcase time="0.008" classname="io.druid.query.groupby.GroupByTimeseriesQueryRunnerTest" name="testTimeseriesWithMultiValueDimFilterAndOr2[2]"/>
  <testcase time="0.007" classname="io.druid.query.groupby.GroupByTimeseriesQueryRunnerTest" name="testTimeseriesWithVaryingGranWithFilter[2]"/>
  <testcase time="0.002" classname="io.druid.query.groupby.GroupByTimeseriesQueryRunnerTest" name="testTimeseries[2]"/>
  <testcase time="0.003" classname="io.druid.query.groupby.GroupByTimeseriesQueryRunnerTest" name="testTimeseriesWithMultiDimFilter[2]"/>
  <testcase time="0.004" classname="io.druid.query.groupby.GroupByTimeseriesQueryRunnerTest" name="testTimeseriesWithOrFilter[2]"/>
  <testcase time="0.007" classname="io.druid.query.groupby.GroupByTimeseriesQueryRunnerTest" name="testFullOnTimeseriesMaxMin[2]"/>
  <testcase time="0" classname="io.druid.query.groupby.GroupByTimeseriesQueryRunnerTest" name="testTimeseriesWithNonExistentFilterAndMultiDim[2]"/>
  <testcase time="0" classname="io.druid.query.groupby.GroupByTimeseriesQueryRunnerTest" name="testTimeseriesWithFilterOnNonExistentDimension[2]"/>
  <testcase time="0" classname="io.druid.query.groupby.GroupByTimeseriesQueryRunnerTest" name="testTimeseriesWithNonExistentFilter[2]"/>
  <testcase time="0.005" classname="io.druid.query.groupby.GroupByTimeseriesQueryRunnerTest" name="testTimeseriesWithMultiDimFilterAndOr[2]"/>
  <testcase time="0.003" classname="io.druid.query.groupby.GroupByTimeseriesQueryRunnerTest" name="testTimeseriesWithRegexFilter[2]"/>
</testsuite>